<?xml version="1.0" encoding="UTF-8"?>
<!-- Generated by org.testng.reporters.JUnitReportReporter -->
<testsuite hostname="DESKTOP-B1GSC0O" failures="0" tests="1" name="com.testscripts.demoblazeweb.Demo" time="8.076" errors="0" timestamp="2024-12-02T12:14:06 IST" skipped="0">
  <testcase classname="com.testscripts.demoblazeweb.Demo" name="demoTest" time="8.076"/>
</testsuite> <!-- com.testscripts.demoblazeweb.Demo -->
